app/build/intermediates/manifest_merge_blame_file/debug/manifest-merger-blame-debug-report.txt
1<?xml version="1.0" encoding="utf-8"?>
2<manifest xmlns:android="http://schemas.android.com/apk/res/android"
3    package="com.example.rajadhahana"
4    android:versionCode="1"
5    android:versionName="1.0" >
6
7    <uses-sdk
8        android:minSdkVersion="15"
8-->src\main\AndroidManifest.xml
9        android:targetSdkVersion="29" />
9-->src\main\AndroidManifest.xml
10
11    <uses-permission android:name="android.permission.ACCESS_NETWORK_STATE" />
11-->[com.google.firebase:firebase-database:16.0.4] AndroidManifest.xml:22:5-79
11-->[com.google.firebase:firebase-database:16.0.4] AndroidManifest.xml:22:22-76
12    <uses-permission android:name="android.permission.INTERNET" />
12-->[com.google.firebase:firebase-database:16.0.4] AndroidManifest.xml:23:5-67
12-->[com.google.firebase:firebase-database:16.0.4] AndroidManifest.xml:23:22-64
13
14    <application
14-->src\main\AndroidManifest.xml:5:5-35:19
15        android:allowBackup="true"
15-->src\main\AndroidManifest.xml:6:9-35
16        android:appComponentFactory="androidx.core.app.CoreComponentFactory"
16-->[androidx.core:core:1.0.1] AndroidManifest.xml:22:18-86
17        android:debuggable="true"
18        android:icon="@mipmap/ic_launcher"
18-->src\main\AndroidManifest.xml:7:9-43
19        android:label="@string/app_name"
19-->src\main\AndroidManifest.xml:8:9-41
20        android:roundIcon="@mipmap/ic_launcher_round"
20-->src\main\AndroidManifest.xml:9:9-54
21        android:supportsRtl="true"
21-->src\main\AndroidManifest.xml:10:9-35
22        android:testOnly="true"
23        android:theme="@style/AppTheme" >
23-->src\main\AndroidManifest.xml:11:9-40
24        <activity android:name="com.example.rajadhahana.UpdateResevation" />
24-->src\main\AndroidManifest.xml:12:9-63
24-->src\main\AndroidManifest.xml:12:19-51
25        <activity android:name="com.example.rajadhahana.UpdatePackage" />
25-->src\main\AndroidManifest.xml:13:9-51
25-->src\main\AndroidManifest.xml:13:19-48
26        <activity android:name="com.example.rajadhahana.Resevation" />
26-->src\main\AndroidManifest.xml:14:9-48
26-->src\main\AndroidManifest.xml:14:19-45
27        <activity android:name="com.example.rajadhahana.OrderList" />
27-->src\main\AndroidManifest.xml:15:9-47
27-->src\main\AndroidManifest.xml:15:19-44
28        <activity android:name="com.example.rajadhahana.ShoppingCart" />
28-->src\main\AndroidManifest.xml:16:9-50
28-->src\main\AndroidManifest.xml:16:19-47
29        <activity android:name="com.example.rajadhahana.SplashActivity" >
29-->src\main\AndroidManifest.xml:17:9-23:20
29-->src\main\AndroidManifest.xml:17:19-49
30            <intent-filter>
30-->src\main\AndroidManifest.xml:18:13-22:29
31                <action android:name="android.intent.action.MAIN" />
31-->src\main\AndroidManifest.xml:19:17-69
31-->src\main\AndroidManifest.xml:19:25-66
32
33                <category android:name="android.intent.category.LAUNCHER" />
33-->src\main\AndroidManifest.xml:21:17-77
33-->src\main\AndroidManifest.xml:21:27-74
34            </intent-filter>
35        </activity>
36        <activity android:name="com.example.rajadhahana.UpdateInvite" />
36-->src\main\AndroidManifest.xml:24:9-50
36-->src\main\AndroidManifest.xml:24:19-47
37        <activity android:name="com.example.rajadhahana.ShowInvitation" />
37-->src\main\AndroidManifest.xml:25:9-52
37-->src\main\AndroidManifest.xml:25:19-49
38        <activity android:name="com.example.rajadhahana.Read" />
38-->src\main\AndroidManifest.xml:26:9-42
38-->src\main\AndroidManifest.xml:26:19-39
39        <activity android:name="com.example.rajadhahana.Invited" />
39-->src\main\AndroidManifest.xml:27:9-45
39-->src\main\AndroidManifest.xml:27:19-42
40        <activity android:name="com.example.rajadhahana.Invite" />
40-->src\main\AndroidManifest.xml:28:9-44
40-->src\main\AndroidManifest.xml:28:19-41
41        <activity android:name="com.example.rajadhahana.newre" />
41-->src\main\AndroidManifest.xml:29:9-43
41-->src\main\AndroidManifest.xml:29:19-40
42        <activity android:name="com.example.rajadhahana.Profile" />
42-->src\main\AndroidManifest.xml:30:9-45
42-->src\main\AndroidManifest.xml:30:19-42
43        <activity android:name="com.example.rajadhahana.Dashboard" />
43-->src\main\AndroidManifest.xml:31:9-47
43-->src\main\AndroidManifest.xml:31:19-44
44        <activity android:name="com.example.rajadhahana.Register" />
44-->src\main\AndroidManifest.xml:32:9-46
44-->src\main\AndroidManifest.xml:32:19-43
45        <activity android:name="com.example.rajadhahana.login" />
45-->src\main\AndroidManifest.xml:33:9-43
45-->src\main\AndroidManifest.xml:33:19-40
46        <activity android:name="com.example.rajadhahana.MainActivity" />
46-->src\main\AndroidManifest.xml:34:9-50
46-->src\main\AndroidManifest.xml:34:19-47
47        <activity
47-->[com.google.android.gms:play-services-base:16.0.1] AndroidManifest.xml:23:9-26:75
48            android:name="com.google.android.gms.common.api.GoogleApiActivity"
48-->[com.google.android.gms:play-services-base:16.0.1] AndroidManifest.xml:24:13-79
49            android:exported="false"
49-->[com.google.android.gms:play-services-base:16.0.1] AndroidManifest.xml:25:13-37
50            android:theme="@android:style/Theme.Translucent.NoTitleBar" />
50-->[com.google.android.gms:play-services-base:16.0.1] AndroidManifest.xml:26:13-72
51
52        <provider
52-->[com.google.firebase:firebase-common:16.0.3] AndroidManifest.xml:10:9-14:39
53            android:name="com.google.firebase.provider.FirebaseInitProvider"
53-->[com.google.firebase:firebase-common:16.0.3] AndroidManifest.xml:11:13-77
54            android:authorities="com.example.rajadhahana.firebaseinitprovider"
54-->[com.google.firebase:firebase-common:16.0.3] AndroidManifest.xml:12:13-72
55            android:exported="false"
55-->[com.google.firebase:firebase-common:16.0.3] AndroidManifest.xml:13:13-37
56            android:initOrder="100" />
56-->[com.google.firebase:firebase-common:16.0.3] AndroidManifest.xml:14:13-36
57
58        <meta-data
58-->[com.google.android.gms:play-services-basement:16.0.1] AndroidManifest.xml:23:9-25:69
59            android:name="com.google.android.gms.version"
59-->[com.google.android.gms:play-services-basement:16.0.1] AndroidManifest.xml:24:13-58
60            android:value="@integer/google_play_services_version" />
60-->[com.google.android.gms:play-services-basement:16.0.1] AndroidManifest.xml:25:13-66
61    </application>
62
63</manifest>